Document-TrangK45/THUC-HANH/MyContact/app/build/intermediates/manifest_merge_blame_file/debug/manifest-merger-blame-debug-report.txt
1<?xml version="1.0" encoding="utf-8"?>
2<manifest xmlns:android="http://schemas.android.com/apk/res/android"
3    package="com.example.danhba_buoi3"
4    android:versionCode="1"
5    android:versionName="1.0" >
6
7    <uses-sdk
8        android:minSdkVersion="26"
8-->src/main/AndroidManifest.xml
9        android:targetSdkVersion="33" />
9-->src/main/AndroidManifest.xml
10
11    <uses-permission android:name="android.permission.CALL_PHONE" />
11-->src/main/AndroidManifest.xml:4:5-68
11-->src/main/AndroidManifest.xml:4:22-66
12    <uses-permission android:name="android.permission.INTERNET" />
12-->src/main/AndroidManifest.xml:6:5-67
12-->src/main/AndroidManifest.xml:6:22-64
13
14    <permission
14-->[androidx.core:core:1.9.0] AndroidManifest.xml:22:5-24:47
15        android:name="com.example.danhba_buoi3.DYNAMIC_RECEIVER_NOT_EXPORTED_PERMISSION"
15-->[androidx.core:core:1.9.0] AndroidManifest.xml:23:9-81
16        android:protectionLevel="signature" />
16-->[androidx.core:core:1.9.0] AndroidManifest.xml:24:9-44
17
18    <uses-permission android:name="com.example.danhba_buoi3.DYNAMIC_RECEIVER_NOT_EXPORTED_PERMISSION" />
18-->[androidx.core:core:1.9.0] AndroidManifest.xml:26:5-97
18-->[androidx.core:core:1.9.0] AndroidManifest.xml:26:22-94
19
20    <queries>
20-->[androidx.wear.tiles:tiles:1.1.0-alpha04] AndroidManifest.xml:9:5-13:15
21        <intent>
21-->[androidx.wear.tiles:tiles:1.1.0-alpha04] AndroidManifest.xml:10:9-12:18
22            <action android:name="androidx.wear.tiles.action.BIND_UPDATE_REQUESTER" />
22-->[androidx.wear.tiles:tiles:1.1.0-alpha04] AndroidManifest.xml:11:13-87
22-->[androidx.wear.tiles:tiles:1.1.0-alpha04] AndroidManifest.xml:11:21-84
23        </intent>
24    </queries>
25
26    <application
26-->src/main/AndroidManifest.xml:8:5-33:19
27        android:allowBackup="true"
27-->src/main/AndroidManifest.xml:9:9-35
28        android:appComponentFactory="androidx.core.app.CoreComponentFactory"
28-->[androidx.core:core:1.9.0] AndroidManifest.xml:28:18-86
29        android:dataExtractionRules="@xml/data_extraction_rules"
29-->src/main/AndroidManifest.xml:10:9-65
30        android:debuggable="true"
31        android:extractNativeLibs="false"
32        android:fullBackupContent="@xml/backup_rules"
32-->src/main/AndroidManifest.xml:11:9-54
33        android:icon="@mipmap/ic_launcher"
33-->src/main/AndroidManifest.xml:12:9-43
34        android:label="@string/app_name"
34-->src/main/AndroidManifest.xml:13:9-41
35        android:supportsRtl="true"
35-->src/main/AndroidManifest.xml:14:9-35
36        android:testOnly="true"
37        android:theme="@style/Theme.Danhba_buoi3"
37-->src/main/AndroidManifest.xml:15:9-50
38        android:usesCleartextTraffic="true" >
38-->src/main/AndroidManifest.xml:16:9-44
39        <activity
39-->src/main/AndroidManifest.xml:18:9-20:40
40            android:name="com.example.danhba_buoi3.chitiet_danhba"
40-->src/main/AndroidManifest.xml:19:13-43
41            android:exported="false" />
41-->src/main/AndroidManifest.xml:20:13-37
42        <activity
42-->src/main/AndroidManifest.xml:21:9-23:40
43            android:name="com.example.danhba_buoi3.Contacts"
43-->src/main/AndroidManifest.xml:22:13-37
44            android:exported="false" />
44-->src/main/AndroidManifest.xml:23:13-37
45        <activity
45-->src/main/AndroidManifest.xml:24:9-32:20
46            android:name="com.example.danhba_buoi3.MainActivity"
46-->src/main/AndroidManifest.xml:25:13-41
47            android:exported="true" >
47-->src/main/AndroidManifest.xml:26:13-36
48            <intent-filter>
48-->src/main/AndroidManifest.xml:27:13-31:29
49                <action android:name="android.intent.action.MAIN" />
49-->src/main/AndroidManifest.xml:28:17-69
49-->src/main/AndroidManifest.xml:28:25-66
50
51                <category android:name="android.intent.category.LAUNCHER" />
51-->src/main/AndroidManifest.xml:30:17-77
51-->src/main/AndroidManifest.xml:30:27-74
52            </intent-filter>
53        </activity>
54
55        <provider
55-->[androidx.emoji2:emoji2:1.2.0] AndroidManifest.xml:24:9-32:20
56            android:name="androidx.startup.InitializationProvider"
56-->[androidx.emoji2:emoji2:1.2.0] AndroidManifest.xml:25:13-67
57            android:authorities="com.example.danhba_buoi3.androidx-startup"
57-->[androidx.emoji2:emoji2:1.2.0] AndroidManifest.xml:26:13-68
58            android:exported="false" >
58-->[androidx.emoji2:emoji2:1.2.0] AndroidManifest.xml:27:13-37
59            <meta-data
59-->[androidx.emoji2:emoji2:1.2.0] AndroidManifest.xml:29:13-31:52
60                android:name="androidx.emoji2.text.EmojiCompatInitializer"
60-->[androidx.emoji2:emoji2:1.2.0] AndroidManifest.xml:30:17-75
61                android:value="androidx.startup" />
61-->[androidx.emoji2:emoji2:1.2.0] AndroidManifest.xml:31:17-49
62            <meta-data
62-->[androidx.lifecycle:lifecycle-process:2.4.1] AndroidManifest.xml:31:13-33:52
63                android:name="androidx.lifecycle.ProcessLifecycleInitializer"
63-->[androidx.lifecycle:lifecycle-process:2.4.1] AndroidManifest.xml:32:17-78
64                android:value="androidx.startup" />
64-->[androidx.lifecycle:lifecycle-process:2.4.1] AndroidManifest.xml:33:17-49
65        </provider>
66    </application>
67
68</manifest>